<!DOCTYPE html>
<html>
<head>
<meta http-equiv="Content-Type" content="text/html; charset=utf-8"/>
<meta http-equiv="x-ua-compatible" content="IE=edge"/>
<title>Test results - Class com.lyit.GameCharacterTest</title>
<link href="../css/base-style.css" rel="stylesheet" type="text/css"/>
<link href="../css/style.css" rel="stylesheet" type="text/css"/>
<script src="../js/report.js" type="text/javascript"></script>
</head>
<body>
<div id="content">
<h1>Class com.lyit.GameCharacterTest</h1>
<div class="breadcrumbs">
<a href="../index.html">all</a> &gt; 
<a href="../packages/com.lyit.html">com.lyit</a> &gt; GameCharacterTest</div>
<div id="summary">
<table>
<tr>
<td>
<div class="summaryGroup">
<table>
<tr>
<td>
<div class="infoBox" id="tests">
<div class="counter">61</div>
<p>tests</p>
</div>
</td>
<td>
<div class="infoBox" id="failures">
<div class="counter">0</div>
<p>failures</p>
</div>
</td>
<td>
<div class="infoBox" id="ignored">
<div class="counter">0</div>
<p>ignored</p>
</div>
</td>
<td>
<div class="infoBox" id="duration">
<div class="counter">0.016s</div>
<p>duration</p>
</div>
</td>
</tr>
</table>
</div>
</td>
<td>
<div class="infoBox success" id="successRate">
<div class="percent">100%</div>
<p>successful</p>
</div>
</td>
</tr>
</table>
</div>
<div id="tabs">
<ul class="tabLinks">
<li>
<a href="#tab0">Tests</a>
</li>
<li>
<a href="#tab1">Standard error</a>
</li>
</ul>
<div id="tab0" class="tab">
<h2>Tests</h2>
<table>
<thead>
<tr>
<th>Test</th>
<th>Duration</th>
<th>Result</th>
</tr>
</thead>
<tr>
<td class="success">attack_ChangeState_CorrectState</td>
<td class="success">0s</td>
<td class="success">passed</td>
</tr>
<tr>
<td class="success">attack_NoWeapons_CorrectString</td>
<td class="success">0s</td>
<td class="success">passed</td>
</tr>
<tr>
<td class="success">attack_OneWeapon_CorrectString</td>
<td class="success">0s</td>
<td class="success">passed</td>
</tr>
<tr>
<td class="success">attack_TwoWeapons_CorrectString</td>
<td class="success">0s</td>
<td class="success">passed</td>
</tr>
<tr>
<td class="success">characterConstructor_InvalidConstructor_ExpectException[0](, 100, 10.25, Idle)</td>
<td class="success">0.016s</td>
<td class="success">passed</td>
</tr>
<tr>
<td class="success">characterConstructor_InvalidConstructor_ExpectException[1](Gnark, -1, 10.25, Idle)</td>
<td class="success">0s</td>
<td class="success">passed</td>
</tr>
<tr>
<td class="success">characterConstructor_InvalidConstructor_ExpectException[2](Gnark, 101, 10.25, Idle)</td>
<td class="success">0s</td>
<td class="success">passed</td>
</tr>
<tr>
<td class="success">characterConstructor_InvalidConstructor_ExpectException[3](Gnark, 100, 0, Idle)</td>
<td class="success">0s</td>
<td class="success">passed</td>
</tr>
<tr>
<td class="success">characterConstructor_ValidConstructor_Passed[0](Gnark, 1, 1, Idle)</td>
<td class="success">0s</td>
<td class="success">passed</td>
</tr>
<tr>
<td class="success">characterConstructor_ValidConstructor_Passed[1](Gnark, 100, 10.25, Idle)</td>
<td class="success">0s</td>
<td class="success">passed</td>
</tr>
<tr>
<td class="success">defend_SetDefending_CorrectState</td>
<td class="success">0s</td>
<td class="success">passed</td>
</tr>
<tr>
<td class="success">dropItem_RemoveItem_CorrectValue</td>
<td class="success">0s</td>
<td class="success">passed</td>
</tr>
<tr>
<td class="success">eat_ChangeCharacterState_SetToEating</td>
<td class="success">0s</td>
<td class="success">passed</td>
</tr>
<tr>
<td class="success">eat_ChangeHealth_HealthByCorrectAmount[0](Fresh, 200, 91)</td>
<td class="success">0s</td>
<td class="success">passed</td>
</tr>
<tr>
<td class="success">eat_ChangeHealth_HealthByCorrectAmount[1](Stale, 200, 84)</td>
<td class="success">0s</td>
<td class="success">passed</td>
</tr>
<tr>
<td class="success">eat_ChangeHealth_HealthByCorrectAmount[2](Mouldy, 200, 81)</td>
<td class="success">0s</td>
<td class="success">passed</td>
</tr>
<tr>
<td class="success">eat_ChangeHealth_HealthByCorrectAmount[3](Rotten, 200, 76)</td>
<td class="success">0s</td>
<td class="success">passed</td>
</tr>
<tr>
<td class="success">eat_ChangeHealth_HealthByCorrectAmount[4](Fresh, -200, 59)</td>
<td class="success">0s</td>
<td class="success">passed</td>
</tr>
<tr>
<td class="success">eat_ChangeHealth_HealthByCorrectAmount[5](Stale, -200, 59)</td>
<td class="success">0s</td>
<td class="success">passed</td>
</tr>
<tr>
<td class="success">eat_ChangeHealth_HealthByCorrectAmount[6](Mouldy, -200, 59)</td>
<td class="success">0s</td>
<td class="success">passed</td>
</tr>
<tr>
<td class="success">eat_ChangeHealth_HealthByCorrectAmount[7](Rotten, -200, 59)</td>
<td class="success">0s</td>
<td class="success">passed</td>
</tr>
<tr>
<td class="success">eat_FoodAtIndex_Passed</td>
<td class="success">0s</td>
<td class="success">passed</td>
</tr>
<tr>
<td class="success">eat_FoodEaten_ItemDropped</td>
<td class="success">0s</td>
<td class="success">passed</td>
</tr>
<tr>
<td class="success">eat_FoodNotAtIndex_DoesNotEat</td>
<td class="success">0s</td>
<td class="success">passed</td>
</tr>
<tr>
<td class="success">eat_HealthAtMax_NoChangeHealth</td>
<td class="success">0s</td>
<td class="success">passed</td>
</tr>
<tr>
<td class="success">eat_PoisonHealthToZero_NoHealth</td>
<td class="success">0s</td>
<td class="success">passed</td>
</tr>
<tr>
<td class="success">equipArmour_ArmourAtIndex_True</td>
<td class="success">0s</td>
<td class="success">passed</td>
</tr>
<tr>
<td class="success">equipArmour_ArmourNotAtIndex_False</td>
<td class="success">0s</td>
<td class="success">passed</td>
</tr>
<tr>
<td class="success">equipArmour_ShieldAlreadyEquipped_DefenceChanged</td>
<td class="success">0s</td>
<td class="success">passed</td>
</tr>
<tr>
<td class="success">equipWeapon_TwoHandedWeapon_ShieldUnequipped</td>
<td class="success">0s</td>
<td class="success">passed</td>
</tr>
<tr>
<td class="success">equipWeapon_WeaponAtIndex_True</td>
<td class="success">0s</td>
<td class="success">passed</td>
</tr>
<tr>
<td class="success">equipWeapon_WeaponNotAtIndex_False</td>
<td class="success">0s</td>
<td class="success">passed</td>
</tr>
<tr>
<td class="success">getCharacterAttackValue_EquipWeapons_CorrectValue</td>
<td class="success">0s</td>
<td class="success">passed</td>
</tr>
<tr>
<td class="success">getCharacterAttackValue_UnEquipWeapons_CorrectValue</td>
<td class="success">0s</td>
<td class="success">passed</td>
</tr>
<tr>
<td class="success">getCharacterDefence_EquipArmour_CorrectValue</td>
<td class="success">0s</td>
<td class="success">passed</td>
</tr>
<tr>
<td class="success">getCharacterDefence_UnEquipArmour_CorrectValue</td>
<td class="success">0s</td>
<td class="success">passed</td>
</tr>
<tr>
<td class="success">pickUpItem_AddItem_BelowLimit</td>
<td class="success">0s</td>
<td class="success">passed</td>
</tr>
<tr>
<td class="success">pickUpItem_NotAddItem_AboveLimit</td>
<td class="success">0s</td>
<td class="success">passed</td>
</tr>
<tr>
<td class="success">run_SetRunning_CorrectState</td>
<td class="success">0s</td>
<td class="success">passed</td>
</tr>
<tr>
<td class="success">setCharacterHealth_CorrectValue_Passed[0](1)</td>
<td class="success">0s</td>
<td class="success">passed</td>
</tr>
<tr>
<td class="success">setCharacterHealth_CorrectValue_Passed[1](100)</td>
<td class="success">0s</td>
<td class="success">passed</td>
</tr>
<tr>
<td class="success">setCharacterHealth_CorrectValue_Passed[2](50)</td>
<td class="success">0s</td>
<td class="success">passed</td>
</tr>
<tr>
<td class="success">setCharacterHealth_OverLimit_ExpectException</td>
<td class="success">0s</td>
<td class="success">passed</td>
</tr>
<tr>
<td class="success">setCharacterHealth_UnderLimit_ExpectException</td>
<td class="success">0s</td>
<td class="success">passed</td>
</tr>
<tr>
<td class="success">setCharacterName_EmptyValue_ExpectException[0](null)</td>
<td class="success">0s</td>
<td class="success">passed</td>
</tr>
<tr>
<td class="success">setCharacterName_EmptyValue_ExpectException[1]()</td>
<td class="success">0s</td>
<td class="success">passed</td>
</tr>
<tr>
<td class="success">setCharacterName_EmptyValue_ExpectException[2]( )</td>
<td class="success">0s</td>
<td class="success">passed</td>
</tr>
<tr>
<td class="success">setCharacterWeightLimit_UnderLimit_ExpectException</td>
<td class="success">0s</td>
<td class="success">passed</td>
</tr>
<tr>
<td class="success">setItemName_CorrectValue_Passed</td>
<td class="success">0s</td>
<td class="success">passed</td>
</tr>
<tr>
<td class="success">setTotalWeightItems_OverWeightLimit_ExpectException</td>
<td class="success">0s</td>
<td class="success">passed</td>
</tr>
<tr>
<td class="success">setTotalWeightItems_WithinWeightLimit_Passed</td>
<td class="success">0s</td>
<td class="success">passed</td>
</tr>
<tr>
<td class="success">sleep_HealthIncrease_CorrectHealth</td>
<td class="success">0s</td>
<td class="success">passed</td>
</tr>
<tr>
<td class="success">sleep_HealthIncrease_HealthAtMaximum</td>
<td class="success">0s</td>
<td class="success">passed</td>
</tr>
<tr>
<td class="success">sleep_SetSleeping_CorrectState</td>
<td class="success">0s</td>
<td class="success">passed</td>
</tr>
<tr>
<td class="success">unEquipArmour_ArmourAtIndex_DefenceChanged</td>
<td class="success">0s</td>
<td class="success">passed</td>
</tr>
<tr>
<td class="success">unEquipArmour_ArmourNotAtIndex_DefenceNotChanged</td>
<td class="success">0s</td>
<td class="success">passed</td>
</tr>
<tr>
<td class="success">unEquipWeapon_WeaponAtIndex_True</td>
<td class="success">0s</td>
<td class="success">passed</td>
</tr>
<tr>
<td class="success">unEquipWeapon_WeaponNotAtIndex_False</td>
<td class="success">0s</td>
<td class="success">passed</td>
</tr>
<tr>
<td class="success">wakeUp_Asleep_ChangeToIdle</td>
<td class="success">0s</td>
<td class="success">passed</td>
</tr>
<tr>
<td class="success">wakeUp_NotAsleep_NoChangeToState</td>
<td class="success">0s</td>
<td class="success">passed</td>
</tr>
<tr>
<td class="success">walk_SetWalking_CorrectState</td>
<td class="success">0s</td>
<td class="success">passed</td>
</tr>
</table>
</div>
<div id="tab1" class="tab">
<h2>Standard error</h2>
<span class="code">
<pre>[Utils] [ERROR] [Error] org.testng.TestNGException: 
Parameter &amp;apos;testItemName&amp;apos; is required by @Test on method setItemName_CorrectValue_Passed but has not been marked @Optional or defined

	at org.testng.internal.Parameters.createParams(Parameters.java:270)
	at org.testng.internal.Parameters.createParametersForMethod(Parameters.java:358)
	at org.testng.internal.Parameters.createParameters(Parameters.java:700)
	at org.testng.internal.Parameters.handleParameters(Parameters.java:884)
	at org.testng.internal.Parameters.handleParameters(Parameters.java:740)
	at org.testng.internal.ParameterHandler.handleParameters(ParameterHandler.java:59)
	at org.testng.internal.ParameterHandler.createParameters(ParameterHandler.java:38)
	at org.testng.internal.TestInvoker$MethodInvocationAgent.invoke(TestInvoker.java:791)
	at org.testng.internal.TestInvoker.invokeTestMethods(TestInvoker.java:146)
	at org.testng.internal.TestMethodWorker.invokeTestMethods(TestMethodWorker.java:146)
	at org.testng.internal.TestMethodWorker.run(TestMethodWorker.java:128)
	at java.base/java.util.ArrayList.forEach(ArrayList.java:1511)
	at org.testng.TestRunner.privateRun(TestRunner.java:794)
	at org.testng.TestRunner.run(TestRunner.java:596)
	at org.testng.SuiteRunner.runTest(SuiteRunner.java:377)
	at org.testng.SuiteRunner.runSequentially(SuiteRunner.java:371)
	at org.testng.SuiteRunner.privateRun(SuiteRunner.java:332)
	at org.testng.SuiteRunner.run(SuiteRunner.java:276)
	at org.testng.SuiteRunnerWorker.runSuite(SuiteRunnerWorker.java:53)
	at org.testng.SuiteRunnerWorker.run(SuiteRunnerWorker.java:96)
	at org.testng.TestNG.runSuitesSequentially(TestNG.java:1212)
	at org.testng.TestNG.runSuitesLocally(TestNG.java:1134)
	at org.testng.TestNG.runSuites(TestNG.java:1063)
	at org.testng.TestNG.run(TestNG.java:1031)
	at org.gradle.api.internal.tasks.testing.testng.TestNGTestClassProcessor.runTests(TestNGTestClassProcessor.java:141)
	at org.gradle.api.internal.tasks.testing.testng.TestNGTestClassProcessor.stop(TestNGTestClassProcessor.java:90)
	at org.gradle.api.internal.tasks.testing.SuiteTestClassProcessor.stop(SuiteTestClassProcessor.java:61)
	at java.base/jdk.internal.reflect.NativeMethodAccessorImpl.invoke0(Native Method)
	at java.base/jdk.internal.reflect.NativeMethodAccessorImpl.invoke(NativeMethodAccessorImpl.java:77)
	at java.base/jdk.internal.reflect.DelegatingMethodAccessorImpl.invoke(DelegatingMethodAccessorImpl.java:43)
	at java.base/java.lang.reflect.Method.invoke(Method.java:568)
	at org.gradle.internal.dispatch.ReflectionDispatch.dispatch(ReflectionDispatch.java:36)
	at org.gradle.internal.dispatch.ReflectionDispatch.dispatch(ReflectionDispatch.java:24)
	at org.gradle.internal.dispatch.ContextClassLoaderDispatch.dispatch(ContextClassLoaderDispatch.java:33)
	at org.gradle.internal.dispatch.ProxyDispatchAdapter$DispatchingInvocationHandler.invoke(ProxyDispatchAdapter.java:94)
	at jdk.proxy1/jdk.proxy1.$Proxy2.stop(Unknown Source)
	at org.gradle.api.internal.tasks.testing.worker.TestWorker$3.run(TestWorker.java:193)
	at org.gradle.api.internal.tasks.testing.worker.TestWorker.executeAndMaintainThreadName(TestWorker.java:129)
	at org.gradle.api.internal.tasks.testing.worker.TestWorker.execute(TestWorker.java:100)
	at org.gradle.api.internal.tasks.testing.worker.TestWorker.execute(TestWorker.java:60)
	at org.gradle.process.internal.worker.child.ActionExecutionWorker.execute(ActionExecutionWorker.java:56)
	at org.gradle.process.internal.worker.child.SystemApplicationClassLoaderWorker.call(SystemApplicationClassLoaderWorker.java:133)
	at org.gradle.process.internal.worker.child.SystemApplicationClassLoaderWorker.call(SystemApplicationClassLoaderWorker.java:71)
	at worker.org.gradle.process.internal.worker.GradleWorkerMain.run(GradleWorkerMain.java:69)
	at worker.org.gradle.process.internal.worker.GradleWorkerMain.main(GradleWorkerMain.java:74)

[Utils] [ERROR] [Error] org.testng.TestNGException: 
Parameter &amp;apos;testWeaponHealth&amp;apos; is required by @Test on method setWeaponHealth_CorrectValue_Pass but has not been marked @Optional or defined

	at org.testng.internal.Parameters.createParams(Parameters.java:270)
	at org.testng.internal.Parameters.createParametersForMethod(Parameters.java:358)
	at org.testng.internal.Parameters.createParameters(Parameters.java:700)
	at org.testng.internal.Parameters.handleParameters(Parameters.java:884)
	at org.testng.internal.Parameters.handleParameters(Parameters.java:740)
	at org.testng.internal.ParameterHandler.handleParameters(ParameterHandler.java:59)
	at org.testng.internal.ParameterHandler.createParameters(ParameterHandler.java:38)
	at org.testng.internal.TestInvoker$MethodInvocationAgent.invoke(TestInvoker.java:791)
	at org.testng.internal.TestInvoker.invokeTestMethods(TestInvoker.java:146)
	at org.testng.internal.TestMethodWorker.invokeTestMethods(TestMethodWorker.java:146)
	at org.testng.internal.TestMethodWorker.run(TestMethodWorker.java:128)
	at java.base/java.util.ArrayList.forEach(ArrayList.java:1511)
	at org.testng.TestRunner.privateRun(TestRunner.java:794)
	at org.testng.TestRunner.run(TestRunner.java:596)
	at org.testng.SuiteRunner.runTest(SuiteRunner.java:377)
	at org.testng.SuiteRunner.runSequentially(SuiteRunner.java:371)
	at org.testng.SuiteRunner.privateRun(SuiteRunner.java:332)
	at org.testng.SuiteRunner.run(SuiteRunner.java:276)
	at org.testng.SuiteRunnerWorker.runSuite(SuiteRunnerWorker.java:53)
	at org.testng.SuiteRunnerWorker.run(SuiteRunnerWorker.java:96)
	at org.testng.TestNG.runSuitesSequentially(TestNG.java:1212)
	at org.testng.TestNG.runSuitesLocally(TestNG.java:1134)
	at org.testng.TestNG.runSuites(TestNG.java:1063)
	at org.testng.TestNG.run(TestNG.java:1031)
	at org.gradle.api.internal.tasks.testing.testng.TestNGTestClassProcessor.runTests(TestNGTestClassProcessor.java:141)
	at org.gradle.api.internal.tasks.testing.testng.TestNGTestClassProcessor.stop(TestNGTestClassProcessor.java:90)
	at org.gradle.api.internal.tasks.testing.SuiteTestClassProcessor.stop(SuiteTestClassProcessor.java:61)
	at java.base/jdk.internal.reflect.NativeMethodAccessorImpl.invoke0(Native Method)
	at java.base/jdk.internal.reflect.NativeMethodAccessorImpl.invoke(NativeMethodAccessorImpl.java:77)
	at java.base/jdk.internal.reflect.DelegatingMethodAccessorImpl.invoke(DelegatingMethodAccessorImpl.java:43)
	at java.base/java.lang.reflect.Method.invoke(Method.java:568)
	at org.gradle.internal.dispatch.ReflectionDispatch.dispatch(ReflectionDispatch.java:36)
	at org.gradle.internal.dispatch.ReflectionDispatch.dispatch(ReflectionDispatch.java:24)
	at org.gradle.internal.dispatch.ContextClassLoaderDispatch.dispatch(ContextClassLoaderDispatch.java:33)
	at org.gradle.internal.dispatch.ProxyDispatchAdapter$DispatchingInvocationHandler.invoke(ProxyDispatchAdapter.java:94)
	at jdk.proxy1/jdk.proxy1.$Proxy2.stop(Unknown Source)
	at org.gradle.api.internal.tasks.testing.worker.TestWorker$3.run(TestWorker.java:193)
	at org.gradle.api.internal.tasks.testing.worker.TestWorker.executeAndMaintainThreadName(TestWorker.java:129)
	at org.gradle.api.internal.tasks.testing.worker.TestWorker.execute(TestWorker.java:100)
	at org.gradle.api.internal.tasks.testing.worker.TestWorker.execute(TestWorker.java:60)
	at org.gradle.process.internal.worker.child.ActionExecutionWorker.execute(ActionExecutionWorker.java:56)
	at org.gradle.process.internal.worker.child.SystemApplicationClassLoaderWorker.call(SystemApplicationClassLoaderWorker.java:133)
	at org.gradle.process.internal.worker.child.SystemApplicationClassLoaderWorker.call(SystemApplicationClassLoaderWorker.java:71)
	at worker.org.gradle.process.internal.worker.GradleWorkerMain.run(GradleWorkerMain.java:69)
	at worker.org.gradle.process.internal.worker.GradleWorkerMain.main(GradleWorkerMain.java:74)

</pre>
</span>
</div>
</div>
<div id="footer">
<p>
<div>
<label class="hidden" id="label-for-line-wrapping-toggle" for="line-wrapping-toggle">Wrap lines
<input id="line-wrapping-toggle" type="checkbox" autocomplete="off"/>
</label>
</div>Generated by 
<a href="http://www.gradle.org">Gradle 7.2</a> at 27 Apr 2022, 14:50:06</p>
</div>
</div>
</body>
</html>
