<!DOCTYPE html>
<html>
<head>
<meta http-equiv="Content-Type" content="text/html; charset=utf-8"/>
<meta http-equiv="x-ua-compatible" content="IE=edge"/>
<title>Test results - Class com.lyit.WeaponTest</title>
<link href="../css/base-style.css" rel="stylesheet" type="text/css"/>
<link href="../css/style.css" rel="stylesheet" type="text/css"/>
<script src="../js/report.js" type="text/javascript"></script>
</head>
<body>
<div id="content">
<h1>Class com.lyit.WeaponTest</h1>
<div class="breadcrumbs">
<a href="../index.html">all</a> &gt; 
<a href="../packages/com.lyit.html">com.lyit</a> &gt; WeaponTest</div>
<div id="summary">
<table>
<tr>
<td>
<div class="summaryGroup">
<table>
<tr>
<td>
<div class="infoBox" id="tests">
<div class="counter">16</div>
<p>tests</p>
</div>
</td>
<td>
<div class="infoBox" id="failures">
<div class="counter">0</div>
<p>failures</p>
</div>
</td>
<td>
<div class="infoBox" id="ignored">
<div class="counter">0</div>
<p>ignored</p>
</div>
</td>
<td>
<div class="infoBox" id="duration">
<div class="counter">0.028s</div>
<p>duration</p>
</div>
</td>
</tr>
</table>
</div>
</td>
<td>
<div class="infoBox success" id="successRate">
<div class="percent">100%</div>
<p>successful</p>
</div>
</td>
</tr>
</table>
</div>
<div id="tabs">
<ul class="tabLinks">
<li>
<a href="#tab0">Tests</a>
</li>
<li>
<a href="#tab1">Standard error</a>
</li>
</ul>
<div id="tab0" class="tab">
<h2>Tests</h2>
<table>
<thead>
<tr>
<th>Test</th>
<th>Duration</th>
<th>Result</th>
</tr>
</thead>
<tr>
<td class="success">setWeaponHealth_CorrectValue_Passed[0](1)</td>
<td class="success">0s</td>
<td class="success">passed</td>
</tr>
<tr>
<td class="success">setWeaponHealth_CorrectValue_Passed[1](100)</td>
<td class="success">0s</td>
<td class="success">passed</td>
</tr>
<tr>
<td class="success">setWeaponHealth_CorrectValue_Passed[2](50)</td>
<td class="success">0s</td>
<td class="success">passed</td>
</tr>
<tr>
<td class="success">setWeaponHealth_OverLimit_ExpectException</td>
<td class="success">0s</td>
<td class="success">passed</td>
</tr>
<tr>
<td class="success">setWeaponHealth_UnderLimit_ExpectException</td>
<td class="success">0s</td>
<td class="success">passed</td>
</tr>
<tr>
<td class="success">setWeaponHitStrength_CorrectValue_Passed[0](1)</td>
<td class="success">0s</td>
<td class="success">passed</td>
</tr>
<tr>
<td class="success">setWeaponHitStrength_CorrectValue_Passed[1](100)</td>
<td class="success">0s</td>
<td class="success">passed</td>
</tr>
<tr>
<td class="success">setWeaponHitStrength_CorrectValue_Passed[2](50)</td>
<td class="success">0s</td>
<td class="success">passed</td>
</tr>
<tr>
<td class="success">setWeaponHitStrength_OverLimit_ExpectException</td>
<td class="success">0s</td>
<td class="success">passed</td>
</tr>
<tr>
<td class="success">setWeaponHitStrength_UnderLimit_ExpectException</td>
<td class="success">0s</td>
<td class="success">passed</td>
</tr>
<tr>
<td class="success">weaponConstructor_InvalidData_ExpectException[0](Miracle Knife, 0.5, 25, 0, 65, 101, false)</td>
<td class="success">0.028s</td>
<td class="success">passed</td>
</tr>
<tr>
<td class="success">weaponConstructor_InvalidData_ExpectException[1](Broken Knife, 0.5, 25, 0, 5, 0, false)</td>
<td class="success">0s</td>
<td class="success">passed</td>
</tr>
<tr>
<td class="success">weaponConstructor_InvalidData_ExpectException[2](Pillow, 0.1, 5, 0, 0, 5, false)</td>
<td class="success">0s</td>
<td class="success">passed</td>
</tr>
<tr>
<td class="success">weaponConstructor_InvalidData_ExpectException[3](Cannon, 0.5, 25, 0, 101, 75, false)</td>
<td class="success">0s</td>
<td class="success">passed</td>
</tr>
<tr>
<td class="success">weaponConstructor_ValidData_Passed[0](Rusty Knife, 0.5, 25, 0, 1, 1, false)</td>
<td class="success">0s</td>
<td class="success">passed</td>
</tr>
<tr>
<td class="success">weaponConstructor_ValidData_Passed[1](Sun Spear, 5.5, 600, 100, 100, 100, true)</td>
<td class="success">0s</td>
<td class="success">passed</td>
</tr>
</table>
</div>
<div id="tab1" class="tab">
<h2>Standard error</h2>
<span class="code">
<pre>[Utils] [ERROR] [Error] org.testng.TestNGException: 
Parameter &amp;apos;testHitStrength&amp;apos; is required by @Test on method setWeaponHitStrength_CorrectValue_Pass but has not been marked @Optional or defined

	at org.testng.internal.Parameters.createParams(Parameters.java:270)
	at org.testng.internal.Parameters.createParametersForMethod(Parameters.java:358)
	at org.testng.internal.Parameters.createParameters(Parameters.java:700)
	at org.testng.internal.Parameters.handleParameters(Parameters.java:884)
	at org.testng.internal.Parameters.handleParameters(Parameters.java:740)
	at org.testng.internal.ParameterHandler.handleParameters(ParameterHandler.java:59)
	at org.testng.internal.ParameterHandler.createParameters(ParameterHandler.java:38)
	at org.testng.internal.TestInvoker$MethodInvocationAgent.invoke(TestInvoker.java:791)
	at org.testng.internal.TestInvoker.invokeTestMethods(TestInvoker.java:146)
	at org.testng.internal.TestMethodWorker.invokeTestMethods(TestMethodWorker.java:146)
	at org.testng.internal.TestMethodWorker.run(TestMethodWorker.java:128)
	at java.base/java.util.ArrayList.forEach(ArrayList.java:1511)
	at org.testng.TestRunner.privateRun(TestRunner.java:794)
	at org.testng.TestRunner.run(TestRunner.java:596)
	at org.testng.SuiteRunner.runTest(SuiteRunner.java:377)
	at org.testng.SuiteRunner.runSequentially(SuiteRunner.java:371)
	at org.testng.SuiteRunner.privateRun(SuiteRunner.java:332)
	at org.testng.SuiteRunner.run(SuiteRunner.java:276)
	at org.testng.SuiteRunnerWorker.runSuite(SuiteRunnerWorker.java:53)
	at org.testng.SuiteRunnerWorker.run(SuiteRunnerWorker.java:96)
	at org.testng.TestNG.runSuitesSequentially(TestNG.java:1212)
	at org.testng.TestNG.runSuitesLocally(TestNG.java:1134)
	at org.testng.TestNG.runSuites(TestNG.java:1063)
	at org.testng.TestNG.run(TestNG.java:1031)
	at org.gradle.api.internal.tasks.testing.testng.TestNGTestClassProcessor.runTests(TestNGTestClassProcessor.java:141)
	at org.gradle.api.internal.tasks.testing.testng.TestNGTestClassProcessor.stop(TestNGTestClassProcessor.java:90)
	at org.gradle.api.internal.tasks.testing.SuiteTestClassProcessor.stop(SuiteTestClassProcessor.java:61)
	at java.base/jdk.internal.reflect.NativeMethodAccessorImpl.invoke0(Native Method)
	at java.base/jdk.internal.reflect.NativeMethodAccessorImpl.invoke(NativeMethodAccessorImpl.java:77)
	at java.base/jdk.internal.reflect.DelegatingMethodAccessorImpl.invoke(DelegatingMethodAccessorImpl.java:43)
	at java.base/java.lang.reflect.Method.invoke(Method.java:568)
	at org.gradle.internal.dispatch.ReflectionDispatch.dispatch(ReflectionDispatch.java:36)
	at org.gradle.internal.dispatch.ReflectionDispatch.dispatch(ReflectionDispatch.java:24)
	at org.gradle.internal.dispatch.ContextClassLoaderDispatch.dispatch(ContextClassLoaderDispatch.java:33)
	at org.gradle.internal.dispatch.ProxyDispatchAdapter$DispatchingInvocationHandler.invoke(ProxyDispatchAdapter.java:94)
	at jdk.proxy1/jdk.proxy1.$Proxy2.stop(Unknown Source)
	at org.gradle.api.internal.tasks.testing.worker.TestWorker$3.run(TestWorker.java:193)
	at org.gradle.api.internal.tasks.testing.worker.TestWorker.executeAndMaintainThreadName(TestWorker.java:129)
	at org.gradle.api.internal.tasks.testing.worker.TestWorker.execute(TestWorker.java:100)
	at org.gradle.api.internal.tasks.testing.worker.TestWorker.execute(TestWorker.java:60)
	at org.gradle.process.internal.worker.child.ActionExecutionWorker.execute(ActionExecutionWorker.java:56)
	at org.gradle.process.internal.worker.child.SystemApplicationClassLoaderWorker.call(SystemApplicationClassLoaderWorker.java:133)
	at org.gradle.process.internal.worker.child.SystemApplicationClassLoaderWorker.call(SystemApplicationClassLoaderWorker.java:71)
	at worker.org.gradle.process.internal.worker.GradleWorkerMain.run(GradleWorkerMain.java:69)
	at worker.org.gradle.process.internal.worker.GradleWorkerMain.main(GradleWorkerMain.java:74)

</pre>
</span>
</div>
</div>
<div id="footer">
<p>
<div>
<label class="hidden" id="label-for-line-wrapping-toggle" for="line-wrapping-toggle">Wrap lines
<input id="line-wrapping-toggle" type="checkbox" autocomplete="off"/>
</label>
</div>Generated by 
<a href="http://www.gradle.org">Gradle 7.2</a> at 27 Apr 2022, 14:50:06</p>
</div>
</div>
</body>
</html>
